<?xml version="1.0" encoding="UTF-8"?>
<!-- Generated by org.testng.reporters.JUnitReportReporter -->
<testsuite name="qsp.Demo" tests="1" time="7.697" ignored="0" failures="0" timestamp="28 Jan 2018 13:11:33 GMT" skipped="0" hostname="CBT-LAB-017" errors="0">
  <testcase name="testA" time="7.697" classname="qsp.Demo"/>
</testsuite> <!-- qsp.Demo -->
